Arguments: 
  /home/tiago/.nvm/versions/node/v12.18.4/bin/node /home/tiago/.nvm/versions/node/v12.18.4/bin/yarn add pupprteer-extra puppeteer-extra-plugin-stealth

PATH: 
  /home/tiago/go/bin:/usr/local/go/bin:/home/tiago/Downloads/google-cloud-sdk/bin:/home/tiago/.nvm/versions/node/v12.18.4/bin:/home/tiago/go/bin:/usr/local/go/bin:/home/linuxbrew/.linuxbrew/bin:/home/linuxbrew/.linuxbrew/sbin:/home/tiago/.local/bin:/usr/local/sbin:/usr/local/bin:/usr/sbin:/usr/bin:/sbin:/bin:/usr/games:/usr/local/games:/snap/bin

Yarn version: 
  1.22.10

Node version: 
  12.18.4

Platform: 
  linux x64

Trace: 
  Error: http://verdaccio.stilingue.com.br:4873/pupprteer-extra: ETIMEDOUT
      at Timeout._onTimeout (/home/tiago/.nvm/versions/node/v12.18.4/lib/node_modules/yarn/lib/cli.js:141322:19)
      at listOnTimeout (internal/timers.js:549:17)
      at processTimers (internal/timers.js:492:7)

npm manifest: 
  {
    "name": "meetingBot",
    "version": "1.0.0",
    "main": "index.js",
    "license": "MIT"
  }

yarn manifest: 
  No manifest

Lockfile: 
  No lockfile
